mktextfm KaiTi/OT
mktextfm KaiTi/B/OT
mktextfm KaiTi/OT
mktextfm KaiTi/OT
mktextfm KaiTi/OT
mktextfm KaiTi/B/OT
mktextfm KaiTi/OT
mktextfm KaiTi/OT
mktextfm KaiTi/OT
mktextfm KaiTi/B/OT
mktextfm KaiTi/OT
mktextfm KaiTi/OT
mktextfm KaiTi/OT
mktextfm KaiTi/B/OT
mktextfm KaiTi/OT
mktextfm KaiTi/OT
mktextfm KaiTi/OT
mktextfm KaiTi/B/OT
mktextfm KaiTi/OT
mktextfm KaiTi/OT
mktextfm FandolSong/OT
mktextfm FandolSong/OT
mktextfm FandolSong/OT
mktextfm FandolSong/BI/OT
mktextfm FandolSong/OT
mktextfm FandolSong/B/OT
mktextfm FandolSong/OT
mktextfm FandolSong/I/OT
mktextfm FandolSong/OT
mktextfm FandolSong/OT
mktextfm FandolSong/OT
mktextfm FandolSong/OT
mktextfm FandolSong/OT
mktextfm FandolSong/OT
mktextfm FandolSong/OT
mktextfm FandolSong/OT
mktextfm FandolSong/OT
mktextfm FandolSong/OT
mktextfm FandolSong/OT
mktextfm FandolSong/OT
mktextfm FandolSong/BI/OT
mktextfm FandolSong/OT
mktextfm FandolSong/B/OT
mktextfm FandolSong/OT
mktextfm FandolSong/I/OT
mktextfm FandolSong/OT
mktextfm FandolSong/OT
mktextfm FandolSong/OT
mktextfm FandolSong/OT
mktextfm FandolSong/OT
mktextfm FandolSong/OT
mktextfm FandolSong/OT
mktextfm FandolSong/OT
mktextfm FandolSong/OT
mktextfm Kaiti/OT
mktextfm Kaiti/OT
mktextfm Kaiti/OT
mktextfm Kaiti/BI/OT
mktextfm Kaiti/OT
mktextfm Kaiti/B/OT
mktextfm Kaiti/OT
mktextfm Kaiti/I/OT
mktextfm Kaiti/OT
mktextfm Kaiti/OT
mktextfm Kaiti/OT
mktextfm Kaiti/OT
mktextfm Kaiti/OT
mktextfm Kaiti/OT
mktextfm Kaiti/OT
mktextfm Kaiti/OT
mktextfm Kaiti/OT
mktextfm Kaiti/OT
mktextfm Kaiti/OT
mktextfm Kaiti/OT
mktextfm Kaiti/BI/OT
mktextfm Kaiti/OT
mktextfm Kaiti/B/OT
mktextfm Kaiti/OT
mktextfm Kaiti/I/OT
mktextfm Kaiti/OT
mktextfm Kaiti/OT
mktextfm Kaiti/OT
mktextfm Kaiti/OT
mktextfm Kaiti/OT
mktextfm Kaiti/OT
mktextfm Kaiti/OT
mktextfm Kaiti/OT
mktextfm Kaiti/OT
